
ROM used:   155/1024 (15%)
            155/1024 (15%) including unused fragments

            0.3 Average locations per line
            11.1 Average locations per statement

RAM used:   6/64 (9%) at main() level
            7/64 (11%) worst case

Stack used: 2 worst case (2 in main + 0 for interrupts)
Stack size: 8

Lines Stmts  %   Files
----- ----- ---  -----
   66    14 100  AMP.c
  448     0   0  C:\Program Files (x86)\PICC\Devices\12f629.h
----- -----
  514    14 Total

Page ROM  %  RAM   Vol Diff  Functions:
---- --- --- ---   --- ----  ----------
0     20  13    1             @delay_ms1
0     52  34    1             @I2C_WRITE_1
0     17  11    1    43  1.3  main
0     56  36    1   190  2.3  StartUp_amp
 Inline         0             @cinit1

Program metrics:
    Functions               2
    Statements              14
    Comments                107
    Volume (V)              283
    Difficulty (D)          3.4
    Effort to implement (E) 967
    Time to implement (T)   1 minutes
    Est Delivered Bugs (B)  0
    Cyclomatic Complexity   1
    Maintainability (MI)    66

 Segment     Used  Free
-----------  ----  ----
00000-00003     4  0  
00004-003FF   151  869  



